make.exe all --print-data-base --no-builtin-variables --no-builtin-rules --question
# GNU Make 4.3
# Built for Windows32
# Copyright (C) 1988-2020 Free Software Foundation, Inc.
# License GPLv3+: GNU GPL version 3 or later <http://gnu.org/licenses/gpl.html>
# This is free software: you are free to change and redistribute it.
# There is NO WARRANTY, to the extent permitted by law.

# Make data base, printed on Mon May 23 22:43:39 2022

# Variables

# environment
FPS_BROWSER_APP_PROFILE_STRING = Internet Explorer
# environment
SYSTEMDRIVE = C:
# environment
LC_ALL = C
# environment
USERPROFILE = C:\Users\anuja
# environment
LOCALAPPDATA = C:\Users\anuja\AppData\Local
# environment
VSCODE_IPC_HOOK_EXTHOST = \\.\pipe\vscode-ipc-a84250ed-f324-4aa0-aa75-ac2558760563-sock
# environment
VSCODE_CWD = C:\Users\anuja\AppData\Local\Programs\Microsoft VS Code
# environment
CHOCOLATEYINSTALL = C:\ProgramData\chocolatey
# environment
SYSTEMROOT = C:\Windows
# environment
PROCESSOR_LEVEL = 6
# environment
PSMODULEPATH = C:\Program Files\WindowsPowerShell\Modules;C:\Windows\system32\WindowsPowerShell\v1.0\Modules
# default
MAKE_COMMAND := C:/ProgramData/chocolatey/lib/make/tools/install/bin/make.exe
# automatic
@D = $(patsubst %/,%,$(patsubst %\,%,$(dir $@)))
# environment
CHROME_CRASHPAD_PIPE_NAME = \\.\pipe\crashpad_1856_UVTVCUEBNIAFAGYY
# environment
FPS_BROWSER_USER_PROFILE_STRING = Default
# envi 
ronment
VSCODE_HANDLES_UNCAUGHT_ERRORS = true
# default
.VARIABLES := 
# automatic
%D = $(patsubst %/,%,$(patsubst %\,%,$(dir $%)))
# automatic
^D = $(patsubst %/,%,$(patsubst %\,%,$(dir $^)))
# environment
VSCODE_LOG_STACK = false
# automatic
%F = $(notdir $%)
# environment
VSCODE_CODE_CACHE_PATH = C:\Users\anuja\AppData\Roaming\Code\CachedData\da15b6fd3ef856477bf6f4fb29ba1b7af717770d
# environment
LANG = C
# default
.LOADED := 
# environment
TMP = C:\Users\anuja\AppData\Local\Temp
# default
.INCLUDE_DIRS = .
# environment
PROCESSOR_ARCHITEW6432 = AMD64
# makefile
MAKEFLAGS = pqrR
# environment
ONEDRIVE = C:\Users\anuja\OneDrive
# makefile
CURDIR := c:/Users/anuja/Desktop/chip8
# environment
VSCODE_PIPE_LOGGING = true
# environment
APPLICATION_INSIGHTS_NO_DIAGNOSTIC_CHANNEL = true
# automatic
*D = $(patsubst %/,%,$(patsubst %\,%,$(dir $*)))
# environment
PROGRAMFILES = C:\Program Files (x86)
# environment
MFLAGS = -pqrR
# default
.SHELLFLAGS := -c
# environment
COMMONPROGRAMW6432 = C:\Program Files\Common Files
# automatic
+D = $(patsubst %/,%,$(patsubst %\,%,$(dir $+)))
# makefile (from 'Makefile', line 1)
MAKEFILE_LIST := Makefile
# automatic
@F = $(notdir $@)
# environment
VSCODE_VERBOSE_LOGGING = true
# environment
VSCODE_PID = 1856
# automatic
?D = $(patsubst %/,%,$(patsubst %\,%,$(dir $?)))
# environment
__PSLOCKDOWNPOLICY = 0
# makefile (from 'Makefile', line 2)
FLAGS = -g
# makefile (from 'Makefile', line 1)
INCLUDES = -I ./include
# automatic
*F = $(notdir $*)
# automatic
<D = $(patsubst %/,%,$(patsubst %\,%,$(dir $<)))
# environment
VSCODE_NLS_CONFIG = {"locale":"en-us","availableLanguages":{},"_languagePackSupport":true}
# default
MAKE_HOST := Windows32
# environment
PROGRAMDATA = C:\ProgramData
# default
SHELL := sh.exe
# environment
HOMEPATH = \Users\anuja
# default
MAKECMDGOALS := all
# environment
DRIVERDATA = C:\Windows\System32\Drivers\DriverData
# environment
COMSPEC = C:\Windows\system32\cmd.exe
# environment
WINDIR = C:\Windows
# environment
MAKELEVEL := 0
# default
MAKE = $(MAKE_COMMAND)
# environment
PATH = C:\Python310\Scripts\;C:\Python310\;C:\Program Files\Common Files\Oracle\Java\javapath;C:\Program Files\Eclipse Foundation\jdk-11.0.12.7-hotspot\bin;C:\Windows\system32;C:\Windows;C:\Windows\System32\Wbem;C:\Windows\System32\WindowsPowerShell\v1.0\;C:\Windows\System32\OpenSSH\;C:\Program Files\Git\cmd;C:\Program Files\PuTTY\;C:\Program Files (x86)\Sennheiser\SoftphoneSDK\;C:\Program Files\nodejs\;C:\ProgramData\chocolatey\bin;C:\MinGW\bin;C:\Users\anuja\AppData\Local\Microsoft\WindowsApps;C:\Users\anuja\AppData\Local\Programs\Microsoft VS Code\bin;C:\Users\anuja\AppData\Roaming\npm;C:\Users\anuja\AppData\Local\Programs\MiKTeX\miktex\bin\x64\;C:\MinGW\bin;
# environment
ZES_ENABLE_SYSMAN = 1
# environment
COMPUTERNAME = LAPTOP-8J7M4C0N
# default
MAKEFILES := 
# automatic
^F = $(notdir $^)
# environment
PROMPT = $P$G
# environment
CHOCOLATEYLASTPATHUPDATE = 132955887013229457
# environment
LOGONSERVER = \\LAPTOP-8J7M4C0N
# environment
VSCODE_LOG_NATIVE = false
# environment
USERNAME = anuja
# environment
COMMONPROGRAMFILES = C:\Program Files (x86)\Common Files
# automatic
?F = $(notdir $?)
# environment
PROGRAMW6432 = C:\Program Files
# environment
PATHEXT = .COM;.EXE;.BAT;.CMD;.VBS;.VBE;.JS;.JSE;.WSF;.WSH;.MSC;.PY;.PYW
# automatic
+F = $(notdir $+)
# environment
ORIGINAL_XDG_CURRENT_DESKTOP = undefined
# makefile (from 'Makefile', line 4)
OBJECTS = ./build/chip8memory.o ./build/chip8stack.o ./build/chip8keyboard.o ./build/chip8.o ./build/chip8screen.o
# environment
USERDOMAIN = LAPTOP-8J7M4C0N
# 'override' directive
GNUMAKEFLAGS := 
# environment
OS = Windows_NT
# environment
__COMPAT_LAYER = DetectorsAppHealth
# makefile
.DEFAULT_GOAL := all
# default
MAKE_VERSION := 4.3
# environment
PROGRAMFILES(X86) = C:\Program Files (x86)
# environment
USERDOMAIN_ROAMINGPROFILE = LAPTOP-8J7M4C0N
# environment
NUMBER_OF_PROCESSORS = 8
# environment
PUBLIC = C:\Users\Public
# environment
APPDATA = C:\Users\anuja\AppData\Roaming
# environment
HOMEDRIVE = C:
# environment
PROCESSOR_ARCHITECTURE = x86
# environment
VSCODE_AMD_ENTRYPOINT = vs/workbench/api/node/extensionHostProcess
# environment
COMMONPROGRAMFILES(X86) = C:\Program Files (x86)\Common Files
# environment
ELECTRON_RUN_AS_NODE = 1
# environment
TEMP = C:\Users\anuja\AppData\Local\Temp
# environment
VSCODE_IPC_HOOK = \\.\pipe\3bf483d9ab5d8c9865a029339b65e162-1.67.1-main-sock
# default
.RECIPEPREFIX := 
# automatic
<F = $(notdir $<)
# default
SUFFIXES := 
# environment
ALLUSERSPROFILE = C:\ProgramData
# environment
SESSIONNAME = Console
# default
.FEATURES := target-specific order-only second-expansion else-if shortest-stem undefine oneshell nocomment grouped-target extra-prereqs archives jobserver output-sync load
# environment
PROCESSOR_REVISION = 8c01
# environment
PROCESSOR_IDENTIFIER = Intel64 Family 6 Model 140 Stepping 1, GenuineIntel
# variable set hash-table stats:
# Load=102/1024=10%, Rehash=0, Collisions=9/135=7%

# Pattern-specific Variable Values

# No pattern-specific variable values.

# Directories

# . (key c:/Users/anuja/Desktop/chip8, mtime 1652392754): 11 files, no impossibilities.

# 11 files, no impossibilities in 1 directories.

# Implicit Rules

# No implicit rules.

# Files

# Not a target:
src/chip8keyboard.c:
#  Implicit rule search has been done.
#  Last modified 2022-05-19 23:04:06
#  File has been updated.
#  Successfully updated.

build/chip8keyboard.o: src/chip8keyboard.c
#  Implicit rule search has not been done.
#  Last modified 2022-05-19 23:04:10
#  File has been updated.
#  Successfully updated.
#  recipe to execute (from 'Makefile', line 15):
	gcc ${FLAGS} ${INCLUDES} ./src/chip8keyboard.c -c -o ./build/chip8keyboard.o

build/chip8memory.o: src/chip8memory.c
#  Implicit rule search has not been done.
#  Last modified 2022-05-12 17:24:12
#  File has been updated.
#  Successfully updated.
#  recipe to execute (from 'Makefile', line 9):
	gcc ${FLAGS} ${INCLUDES} ./src/chip8memory.c -c -o ./build/chip8memory.o

# Not a target:
Makefile:
#  Implicit rule search has been done.
#  Last modified 2022-05-23 22:43:03
#  File has been updated.
#  Successfully updated.

build/chip8.o: src/chip8.c
#  Implicit rule search has not been done.
#  Last modified 2022-05-23 22:29:45
#  File has been updated.
#  Successfully updated.
#  recipe to execute (from 'Makefile', line 18):
	gcc ${FLAGS} ${INCLUDES} ./src/chip8.c -c -o ./build/chip8.o

build/chip8stack.o: src/chip8stack.c
#  Implicit rule search has not been done.
#  Last modified 2022-05-16 22:37:01
#  File has been updated.
#  Successfully updated.
#  recipe to execute (from 'Makefile', line 12):
	gcc ${FLAGS} ${INCLUDES} ./src/chip8stack.c -c -o ./build/chip8stack.o
	

clean:
#  Implicit rule search has not been done.
#  Modification time never checked.
#  File has not been updated.
#  recipe to execute (from 'Makefile', line 23):
	del build \*

# Not a target:
src/chip8.c:
#  Implicit rule search has been done.
#  Last modified 2022-05-23 22:29:30
#  File has been updated.
#  Successfully updated.

build/chip8screen.o: src/chip8screen.c
#  Implicit rule search has not been done.
#  Imp 
licit/static pattern stem: ''
#  File does not exist.
#  File has been updated.
#  Needs to be updated (-q is set).
# automatic
# @ := build/chip8screen.o
# automatic
# * := 
# automatic
# < := src/chip8screen.c
# automatic
# + := src/chip8screen.c
# automatic
# % := 
# automatic
# ^ := src/chip8screen.c
# automatic
# ? := src/chip8screen.c
# automatic
# | := 
# variable set hash-table stats:
# Load=8/32=25%, Rehash=0, Collisions=1/13=8%
#  recipe to execute (from 'Makefile', line 21):
	gcc ${FLAGS} ${INCLUDES} ./src/chip8screen.c -c -o ./build/chip8screen.o

# Not a target:
src/chip8stack.c:
#  Implicit rule search has been done.
#  Last modified 2022-05-16 22:32:43
#  File has been updated.
#  Successfully updated.

# Not a target:
src/chip8memory.c:
#  Implicit rule search has been done.
#  Last modified 2022-05-12 17:23:30
#  File has been updated.
#  Successfully updated.

# Not a target:
src/chip8screen.c:
#  Implicit rule search has been done.
#  Last modified 2022-05-23 22:42:05
#  File has been updated.
#  Successfully updated.

# Not a target:
.DEFAULT:
#  Implicit rule search has not been done.
#  Modification time never checked.
#  File has not been updated.

all: build/chip8memory.o build/chip8stack.o build/chip8keyboard.o build/chip8.o build/chip8screen.o
#  Command line target.
#  Implicit rule search has not been done.
#  File does not exist.
#  File has been updated.
#  Needs to be updated (-q is set).
# variable set hash-table stats:
# Load=0/32=0%, Rehash=0, Collisions=0/5=0%
#  recipe to execute (from 'Makefile', line 6):
	gcc ${FLAGS} ${INCLUDES} ./src/main.c ${OBJECTS} -L ./lib -lmingw32 -lSDL2main -lSDL2 -o ./bin/main

# Not a target:
.SUFFIXES:
#  Implicit rule search has not been done.
#  Modification time never checked.
#  File has not been updated.

# files hash-table stats:
# Load=15/1024=1%, Rehash=0, Collisions=0/42=0%
# VPATH Search Paths

# No 'vpath' search paths.

# No general ('VPATH' variable) search path.

# strcache buffers: 1 (0) / strings = 25 / storage = 288 B / avg = 11 B
# current buf: size = 8174 B / used = 288 B / count = 25 / avg = 11 B

# strcache performance: lookups = 43 / hit rate = 41%
# hash-table stats:
# Load=25/8192=0%, Rehash=0, Collisions=0/43=0%
# Finished Make data base on Mon May 23 22:43:39 2022

 
